<?xml version="1.0" encoding="UTF-8"?>
<!-- Generated by org.testng.reporters.JUnitReportReporter -->
<testsuite skipped="0" hostname="Orange-PC" name="qs.day2.Demo1" tests="1" failures="0" timestamp="16 Dec 2017 15:34:02 GMT" time="0.036" errors="0">
  <testcase name="f" time="0.036" classname="qs.day2.Demo1"/>
</testsuite> <!-- qs.day2.Demo1 -->
