<?xml version="1.0" encoding="UTF-8"?>
<!-- Generated by org.testng.reporters.JUnitReportReporter -->
<testsuite skipped="0" hostname="Orange-PC" name="qs.day2.NewTest" tests="1" failures="0" timestamp="16 Dec 2017 11:35:33 GMT" time="0.063" errors="0">
  <testcase name="f" time="0.063" classname="qs.day2.NewTest"/>
</testsuite> <!-- qs.day2.NewTest -->
