<?xml version="1.0" encoding="UTF-8"?>
<!-- Generated by org.testng.reporters.JUnitReportReporter -->
<testsuite skipped="0" hostname="Orange-PC" name="qs.day2.Demo2" tests="1" failures="0" timestamp="16 Dec 2017 10:27:17 GMT" time="0.116" errors="0">
  <testcase name="test" time="0.116" classname="qs.day2.Demo2"/>
</testsuite> <!-- qs.day2.Demo2 -->
