<?xml version="1.0" encoding="UTF-8"?>
<!-- Generated by org.testng.reporters.JUnitReportReporter -->
<testsuite skipped="0" hostname="Orange-PC" name="qs.day2.Demo5" tests="1" failures="0" timestamp="16 Dec 2017 12:38:48 GMT" time="0.113" errors="0">
  <testcase name="f" time="0.113" classname="qs.day2.Demo5"/>
</testsuite> <!-- qs.day2.Demo5 -->
