<?xml version="1.0" encoding="UTF-8"?>
<!-- Generated by org.testng.reporters.JUnitReportReporter -->
<testsuite skipped="0" hostname="Orange-PC" name="qs.seleniumAdvance.day1.NewTest" tests="1" failures="0" timestamp="16 Dec 2017 05:14:22 GMT" time="15.512" errors="0">
  <testcase name="f" time="15.512" classname="qs.seleniumAdvance.day1.NewTest"/>
</testsuite> <!-- qs.seleniumAdvance.day1.NewTest -->
